Build started 13.01.2017 23:52:47.
     1>Project "C:\Users\Mihai\Documents\TanksRepository\TanksProject\TanksProject.vcxproj" on node 2 (Build target(s)).
     1>ClCompile:
         C:\Program Files (x86)\Microsoft Visual Studio 14.0\VC\bin\CL.exe /c /I"C:\SFML-2.4.1\include" /Zi /nologo /W3 /WX- /O2 /Oi /Oy- /GL /D WIN32 /D NDEBUG /D _CONSOLE /D _UNICODE /D UNICODE /Gm- /EHsc /MD /GS /Gy /fp:precise /Zc:wchar_t /Zc:forScope /Zc:inline /Fo"Release\\" /Fd"Release\vc140.pdb" /Gd /TP /analyze- /errorReport:prompt Animation.cpp Bots.cpp Explosion.cpp Maps.cpp PowerUps.cpp Projectiles.cpp TankPlayer.cpp TanksProject.cpp
         Animation.cpp
     1>Animation.cpp(11): warning C4244: '=': conversion from 'int' to 'float', possible loss of data
     1>Animation.cpp(16): warning C4244: '=': conversion from 'float' to 'int', possible loss of data
         Bots.cpp
     1>c:\users\mihai\documents\tanksrepository\tanksproject\PowerUps.h(27): warning C4244: 'initializing': conversion from 'float' to 'time_t', possible loss of data
     1>Bots.cpp(144): warning C4018: '<': signed/unsigned mismatch
     1>Bots.cpp(278): warning C4018: '<': signed/unsigned mismatch
     1>Bots.cpp(380): warning C4018: '<': signed/unsigned mismatch
     1>Bots.cpp(487): warning C4018: '<': signed/unsigned mismatch
     1>Bots.cpp(505): warning C4018: '<': signed/unsigned mismatch
     1>Bots.cpp(522): warning C4018: '<': signed/unsigned mismatch
     1>Bots.cpp(732): warning C4101: 'k': unreferenced local variable
         Explosion.cpp
         Maps.cpp
         PowerUps.cpp
     1>c:\users\mihai\documents\tanksrepository\tanksproject\PowerUps.h(27): warning C4244: 'initializing': conversion from 'float' to 'time_t', possible loss of data
     1>PowerUps.cpp(70): warning C4244: '=': conversion from 'int' to 'float', possible loss of data
     1>PowerUps.cpp(71): warning C4244: '=': conversion from 'int' to 'float', possible loss of data
         Projectiles.cpp
     1>Projectiles.cpp(58): warning C4018: '<': signed/unsigned mismatch
         TankPlayer.cpp
     1>c:\users\mihai\documents\tanksrepository\tanksproject\PowerUps.h(27): warning C4244: 'initializing': conversion from 'float' to 'time_t', possible loss of data
     1>TankPlayer.cpp(193): warning C4018: '<': signed/unsigned mismatch
     1>TankPlayer.cpp(208): warning C4018: '<': signed/unsigned mismatch
     1>TankPlayer.cpp(222): warning C4018: '<': signed/unsigned mismatch
         TanksProject.cpp
     1>c:\users\mihai\documents\tanksrepository\tanksproject\PowerUps.h(27): warning C4244: 'initializing': conversion from 'float' to 'time_t', possible loss of data
     1>c:\users\mihai\documents\tanksrepository\tanksproject\TankHeader.h(31): warning C4244: '=': conversion from 'int' to 'float', possible loss of data
     1>c:\users\mihai\documents\tanksrepository\tanksproject\TankHeader.h(40): warning C4244: '=': conversion from 'int' to 'float', possible loss of data
     1>c:\users\mihai\documents\tanksrepository\tanksproject\TankHeader.h(137): warning C4244: '=': conversion from 'float' to 'int', possible loss of data
     1>c:\users\mihai\documents\tanksrepository\tanksproject\TankHeader.h(138): warning C4244: '=': conversion from 'float' to 'int', possible loss of data
     1>c:\users\mihai\documents\tanksrepository\tanksproject\TankHeader.h(139): warning C4244: '=': conversion from 'float' to 'int', possible loss of data
     1>c:\users\mihai\documents\tanksrepository\tanksproject\TankHeader.h(140): warning C4244: '=': conversion from 'float' to 'int', possible loss of data
     1>c:\users\mihai\documents\tanksrepository\tanksproject\TankHeader.h(144): warning C4244: '=': conversion from 'float' to 'int', possible loss of data
     1>c:\users\mihai\documents\tanksrepository\tanksproject\TankHeader.h(145): warning C4244: '=': conversion from 'float' to 'int', possible loss of data
     1>c:\users\mihai\documents\tanksrepository\tanksproject\TankHeader.h(146): warning C4244: '=': conversion from 'float' to 'int', possible loss of data
     1>c:\users\mihai\documents\tanksrepository\tanksproject\TankHeader.h(147): warning C4244: '=': conversion from 'float' to 'int', possible loss of data
     1>c:\users\mihai\documents\tanksrepository\tanksproject\TankHeader.h(186): warning C4244: 'argument': conversion from 'unsigned int' to 'float', possible loss of data
     1>c:\users\mihai\documents\tanksrepository\tanksproject\TankHeader.h(187): warning C4244: 'argument': conversion from 'unsigned int' to 'float', possible loss of data
     1>c:\users\mihai\documents\tanksrepository\tanksproject\TankHeader.h(325): warning C4244: 'argument': conversion from 'unsigned int' to 'float', possible loss of data
     1>c:\users\mihai\documents\tanksrepository\tanksproject\TankHeader.h(358): warning C4244: 'argument': conversion from 'unsigned int' to 'float', possible loss of data
     1>c:\users\mihai\documents\tanksrepository\tanksproject\TankHeader.h(421): warning C4996: 'sf::Text::setColor': was declared deprecated
         C:\SFML-2.4.1\include\SFML/Graphics/Text.hpp(177): note: see declaration of 'sf::Text::setColor'
     1>c:\users\mihai\documents\tanksrepository\tanksproject\TankHeader.h(407): warning C4101: 'EndOfGame': unreferenced local variable
     1>c:\users\mihai\documents\tanksrepository\tanksproject\TankHeader.h(572): warning C4244: '=': conversion from 'double' to 'float', possible loss of data
     1>c:\users\mihai\documents\tanksrepository\tanksproject\TankHeader.h(540): warning C4996: 'sf::Text::setColor': was declared deprecated
         C:\SFML-2.4.1\include\SFML/Graphics/Text.hpp(177): note: see declaration of 'sf::Text::setColor'
     1>c:\users\mihai\documents\tanksrepository\tanksproject\TankHeader.h(736): warning C4244: '=': conversion from 'double' to 'float', possible loss of data
     1>c:\users\mihai\documents\tanksrepository\tanksproject\TankHeader.h(710): warning C4996: 'sf::Text::setColor': was declared deprecated
         C:\SFML-2.4.1\include\SFML/Graphics/Text.hpp(177): note: see declaration of 'sf::Text::setColor'
     1>c:\users\mihai\documents\tanksrepository\tanksproject\TankHeader.h(858): warning C4996: 'sf::Text::setColor': was declared deprecated
         C:\SFML-2.4.1\include\SFML/Graphics/Text.hpp(177): note: see declaration of 'sf::Text::setColor'
     1>c:\users\mihai\documents\tanksrepository\tanksproject\TankHeader.h(639): warning C4101: 'botLifeAux': unreferenced local variable
       Link:
         C:\Program Files (x86)\Microsoft Visual Studio 14.0\VC\bin\link.exe /ERRORREPORT:PROMPT /OUT:"C:\Users\Mihai\Documents\TanksRepository\Release\TanksProject.exe" /INCREMENTAL:NO /NOLOGO /LIBPATH:"C:\SFML-2.4.1\lib" "sfml-system.lib" "sfml-graphics.lib" "sfml-window.lib" "sfml-audio.lib" "sfml-network.lib" kernel32.lib user32.lib gdi32.lib winspool.lib comdlg32.lib advapi32.lib shell32.lib ole32.lib oleaut32.lib uuid.lib odbc32.lib odbccp32.lib /MANIFEST /MANIFESTUAC:"level='asInvoker' uiAccess='false'" /manifest:embed /Debug /PDB:"C:\Users\Mihai\Documents\TanksRepository\Release\TanksProject.pdb" /SUBSYSTEM:CONSOLE /OPT:REF /OPT:ICF /LTCG:incremental /TLBID:1 /DYNAMICBASE /NXCOMPAT /IMPLIB:"C:\Users\Mihai\Documents\TanksRepository\Release\TanksProject.lib" /MACHINE:X86 /SAFESEH Release\Animation.obj
         Release\Bots.obj
         Release\Explosion.obj
         Release\Maps.obj
         Release\PowerUps.obj
         Release\Projectiles.obj
         Release\TankPlayer.obj
         Release\TanksProject.obj
         Generating code
         All 576 functions were compiled because no usable IPDB/IOBJ from previous compilation was found.
         Finished generating code
         TanksProject.vcxproj -> C:\Users\Mihai\Documents\TanksRepository\Release\TanksProject.exe
     1>Done Building Project "C:\Users\Mihai\Documents\TanksRepository\TanksProject\TanksProject.vcxproj" (Build target(s)).

Build succeeded.

Time Elapsed 00:00:07.20
