Build started 11.01.2017 00:07:19.
     1>Project "C:\Users\Mihai\Documents\TanksRepository\TanksProject\TanksProject.vcxproj" on node 2 (Build target(s)).
     1>ClCompile:
         C:\Program Files (x86)\Microsoft Visual Studio 14.0\VC\bin\CL.exe /c /I"C:\SFML-2.4.1\include" /ZI /nologo /W3 /WX- /Od /Oy- /D WIN32 /D _DEBUG /D _CONSOLE /D _UNICODE /D UNICODE /Gm /EHsc /RTC1 /MDd /GS /fp:precise /Zc:wchar_t /Zc:forScope /Zc:inline /Fo"Debug\\" /Fd"Debug\vc140.pdb" /Gd /TP /analyze- /errorReport:prompt TankPlayer.cpp TanksProject.cpp
         TankPlayer.cpp
     1>c:\users\mihai\documents\tanksrepository\tanksproject\tankplayer.cpp(109): warning C4018: '<': signed/unsigned mismatch
     1>c:\users\mihai\documents\tanksrepository\tanksproject\tankplayer.cpp(117): warning C4018: '<': signed/unsigned mismatch
     1>c:\users\mihai\documents\tanksrepository\tanksproject\tankplayer.cpp(128): warning C4018: '<': signed/unsigned mismatch
         Generating Code...
         Compiling...
         TanksProject.cpp
     1>c:\users\mihai\documents\tanksrepository\tanksproject\tankheader.h(28): warning C4244: '=': conversion from 'int' to 'float', possible loss of data
     1>c:\users\mihai\documents\tanksrepository\tanksproject\tankheader.h(35): warning C4244: '=': conversion from 'int' to 'float', possible loss of data
     1>c:\users\mihai\documents\tanksrepository\tanksproject\tankheader.h(122): warning C4244: '=': conversion from 'float' to 'int', possible loss of data
     1>c:\users\mihai\documents\tanksrepository\tanksproject\tankheader.h(123): warning C4244: '=': conversion from 'float' to 'int', possible loss of data
     1>c:\users\mihai\documents\tanksrepository\tanksproject\tankheader.h(124): warning C4244: '=': conversion from 'float' to 'int', possible loss of data
     1>c:\users\mihai\documents\tanksrepository\tanksproject\tankheader.h(125): warning C4244: '=': conversion from 'float' to 'int', possible loss of data
     1>c:\users\mihai\documents\tanksrepository\tanksproject\tankheader.h(129): warning C4244: '=': conversion from 'float' to 'int', possible loss of data
     1>c:\users\mihai\documents\tanksrepository\tanksproject\tankheader.h(130): warning C4244: '=': conversion from 'float' to 'int', possible loss of data
     1>c:\users\mihai\documents\tanksrepository\tanksproject\tankheader.h(131): warning C4244: '=': conversion from 'float' to 'int', possible loss of data
     1>c:\users\mihai\documents\tanksrepository\tanksproject\tankheader.h(132): warning C4244: '=': conversion from 'float' to 'int', possible loss of data
     1>c:\users\mihai\documents\tanksrepository\tanksproject\tankheader.h(171): warning C4244: 'argument': conversion from 'unsigned int' to 'float', possible loss of data
     1>c:\users\mihai\documents\tanksrepository\tanksproject\tankheader.h(172): warning C4244: 'argument': conversion from 'unsigned int' to 'float', possible loss of data
     1>c:\users\mihai\documents\tanksrepository\tanksproject\tankheader.h(303): warning C4244: 'argument': conversion from 'unsigned int' to 'float', possible loss of data
     1>c:\users\mihai\documents\tanksrepository\tanksproject\tankheader.h(336): warning C4244: 'argument': conversion from 'unsigned int' to 'float', possible loss of data
     1>c:\users\mihai\documents\tanksrepository\tanksproject\tankheader.h(399): warning C4996: 'sf::Text::setColor': was declared deprecated
         c:\sfml-2.4.1\include\sfml\graphics\text.hpp(177): note: see declaration of 'sf::Text::setColor'
     1>c:\users\mihai\documents\tanksrepository\tanksproject\tankheader.h(498): warning C4996: 'sf::Text::setColor': was declared deprecated
         c:\sfml-2.4.1\include\sfml\graphics\text.hpp(177): note: see declaration of 'sf::Text::setColor'
     1>c:\users\mihai\documents\tanksrepository\tanksproject\tankheader.h(639): warning C4996: 'sf::Text::setColor': was declared deprecated
         c:\sfml-2.4.1\include\sfml\graphics\text.hpp(177): note: see declaration of 'sf::Text::setColor'
     1>c:\users\mihai\documents\tanksrepository\tanksproject\tankheader.h(568): warning C4101: 'botLifeAux': unreferenced local variable
         Generating Code...
       Link:
         C:\Program Files (x86)\Microsoft Visual Studio 14.0\VC\bin\link.exe /ERRORREPORT:PROMPT /OUT:"C:\Users\Mihai\Documents\TanksRepository\Debug\TanksProject.exe" /INCREMENTAL /NOLOGO /LIBPATH:"C:\SFML-2.4.1\lib" "sfml-system-d.lib" "sfml-graphics-d.lib" "sfml-window-d.lib" "sfml-audio-d.lib" "sfml-network-d.lib" kernel32.lib user32.lib gdi32.lib winspool.lib comdlg32.lib advapi32.lib shell32.lib ole32.lib oleaut32.lib uuid.lib odbc32.lib odbccp32.lib /MANIFEST /MANIFESTUAC:"level='asInvoker' uiAccess='false'" /manifest:embed /Debug /PDB:"C:\Users\Mihai\Documents\TanksRepository\Debug\TanksProject.pdb" /SUBSYSTEM:CONSOLE /TLBID:1 /DYNAMICBASE /NXCOMPAT /IMPLIB:"C:\Users\Mihai\Documents\TanksRepository\Debug\TanksProject.lib" /MACHINE:X86 Debug\Animation.obj
         Debug\Bots.obj
         Debug\Maps.obj
         Debug\Projectiles.obj
         Debug\TankPlayer.obj
         Debug\TanksProject.obj
         TanksProject.vcxproj -> C:\Users\Mihai\Documents\TanksRepository\Debug\TanksProject.exe
     1>Done Building Project "C:\Users\Mihai\Documents\TanksRepository\TanksProject\TanksProject.vcxproj" (Build target(s)).

Build succeeded.

Time Elapsed 00:00:02.40
